sample.interval=20000
"lazyLoadDBfetch" 
"lazyLoadDBfetch" 
"readLines" "summaryRprof" 
"readLines" "summaryRprof" 
"readLines" "summaryRprof" 
"strsplit" "summaryRprof" 
"strsplit" "summaryRprof" 
"strsplit" "summaryRprof" 
"lapply" "unlist" "unique" "simplify2array" "sapply" "summaryRprof" 
"FUN" "lapply" "summaryRprof" 
"FUN" "lapply" "summaryRprof" 
"unique.default" "FUN" "lapply" "summaryRprof" 
"FUN" "lapply" "summaryRprof" 
"FUN" "lapply" "summaryRprof" 
"FUN" "lapply" "summaryRprof" 
"FUN" "lapply" "summaryRprof" 
"FUN" "lapply" "summaryRprof" 
"FUN" "lapply" "summaryRprof" 
"FUN" "lapply" "summaryRprof" 
"is.factor" "unique.default" "FUN" "lapply" "summaryRprof" 
"FUN" "lapply" "summaryRprof" 
"FUN" "lapply" "summaryRprof" 
"FUN" "lapply" "summaryRprof" 
"FUN" "lapply" "summaryRprof" 
"table" "summaryRprof" 
"lazyLoadDBfetch" "summaryRprof" 
"readLines" "summaryRprof" 
"readLines" "summaryRprof" 
"readLines" "summaryRprof" 
"readLines" "summaryRprof" 
"strsplit" "summaryRprof" 
"strsplit" "summaryRprof" 
"lapply" "unlist" "unique" "simplify2array" "sapply" "summaryRprof" 
"FUN" "lapply" "summaryRprof" 
"FUN" "lapply" "summaryRprof" 
"FUN" "lapply" "summaryRprof" 
"FUN" "lapply" "summaryRprof" 
"FUN" "lapply" "summaryRprof" 
"FUN" "lapply" "summaryRprof" 
"FUN" "lapply" "summaryRprof" 
"FUN" "lapply" "summaryRprof" 
"FUN" "lapply" "summaryRprof" 
"FUN" "lapply" "summaryRprof" 
"FUN" "lapply" "summaryRprof" 
"FUN" "lapply" "summaryRprof" 
"FUN" "lapply" "summaryRprof" 
"FUN" "lapply" "summaryRprof" 
"FUN" "lapply" "summaryRprof" 
"unique.default" "unique" "factor" "table" "summaryRprof" 
"readLines" "summaryRprof" 
"readLines" "summaryRprof" 
"readLines" "summaryRprof" 
"readLines" "summaryRprof" 
"strsplit" "summaryRprof" 
"strsplit" "summaryRprof" 
"strsplit" "summaryRprof" 
"unique.default" "FUN" "lapply" "summaryRprof" 
"FUN" "lapply" "summaryRprof" 
"unique.default" "FUN" "lapply" "summaryRprof" 
"unique.default" "FUN" "lapply" "summaryRprof" 
"unique.default" "FUN" "lapply" "summaryRprof" 
"unique.default" "FUN" "lapply" "summaryRprof" 
"unique.default" "FUN" "lapply" "summaryRprof" 
"unique.default" "FUN" "lapply" "summaryRprof" 
"unique.default" "FUN" "lapply" "summaryRprof" 
"unique.default" "FUN" "lapply" "summaryRprof" 
"unique.default" "FUN" "lapply" "summaryRprof" 
"unique.default" "FUN" "lapply" "summaryRprof" 
"unique.default" "FUN" "lapply" "summaryRprof" 
"unique.default" "FUN" "lapply" "summaryRprof" 
"unique.default" "FUN" "lapply" "summaryRprof" 
"unique.default" "FUN" "lapply" "summaryRprof" 
"unique.default" "FUN" "lapply" "summaryRprof" 
"unique.default" "FUN" "lapply" "summaryRprof" 
"unique.default" "FUN" "lapply" "summaryRprof" 
"unique.default" "FUN" "lapply" "summaryRprof" 
"unique.default" "FUN" "lapply" "summaryRprof" 
"unique.default" "FUN" "lapply" "summaryRprof" 
"unique.default" "FUN" "lapply" "summaryRprof" 
"unique.default" "FUN" "lapply" "summaryRprof" 
"unique.default" "FUN" "lapply" "summaryRprof" 
"unique.default" "FUN" "lapply" "summaryRprof" 
"unique.default" "FUN" "lapply" "summaryRprof" 
"unique.default" "FUN" "lapply" "summaryRprof" 
"unique.default" "FUN" "lapply" "summaryRprof" 
"unique.default" "FUN" "lapply" "summaryRprof" 
"unique.default" "FUN" "lapply" "summaryRprof" 
"unique.default" "FUN" "lapply" "summaryRprof" 
"unique.default" "FUN" "lapply" "summaryRprof" 
"FUN" "lapply" "summaryRprof" 
"FUN" "lapply" "summaryRprof" 
"unique.default" "FUN" "lapply" "summaryRprof" 
"FUN" "lapply" "summaryRprof" 
"FUN" "lapply" "summaryRprof" 
"FUN" "lapply" "summaryRprof" 
"FUN" "lapply" "summaryRprof" 
"FUN" "lapply" "summaryRprof" 
"FUN" "lapply" "summaryRprof" 
"FUN" "lapply" "summaryRprof" 
"FUN" "lapply" "summaryRprof" 
"FUN" "lapply" "summaryRprof" 
"table" "summaryRprof" 
"readLines" "summaryRprof" 
"readLines" "summaryRprof" 
"readLines" "summaryRprof" 
"strsplit" "summaryRprof" 
"strsplit" "summaryRprof" 
"strsplit" "summaryRprof" 
"lapply" "summaryRprof" 
"FUN" "lapply" "summaryRprof" 
"FUN" "lapply" "summaryRprof" 
"FUN" "lapply" "summaryRprof" 
"FUN" "lapply" "summaryRprof" 
"FUN" "lapply" "summaryRprof" 
"FUN" "lapply" "summaryRprof" 
"FUN" "lapply" "summaryRprof" 
"FUN" "lapply" "summaryRprof" 
"FUN" "lapply" "summaryRprof" 
"FUN" "lapply" "summaryRprof" 
"FUN" "lapply" "summaryRprof" 
"FUN" "lapply" "summaryRprof" 
"FUN" "lapply" "summaryRprof" 
"FUN" "lapply" "summaryRprof" 
"match" "factor" "table" "summaryRprof" 
"readLines" "summaryRprof" 
"readLines" "summaryRprof" 
"readLines" "summaryRprof" 
"strsplit" "summaryRprof" 
"strsplit" "summaryRprof" 
"strsplit" "summaryRprof" 
"FUN" "lapply" "summaryRprof" 
"FUN" "lapply" "summaryRprof" 
"FUN" "lapply" "summaryRprof" 
"FUN" "lapply" "summaryRprof" 
"FUN" "lapply" "summaryRprof" 
"FUN" "lapply" "summaryRprof" 
"FUN" "lapply" "summaryRprof" 
"FUN" "lapply" "summaryRprof" 
"FUN" "lapply" "summaryRprof" 
"FUN" "lapply" "summaryRprof" 
"FUN" "lapply" "summaryRprof" 
"FUN" "lapply" "summaryRprof" 
"FUN" "lapply" "summaryRprof" 
"is.factor" "unique.default" "FUN" "lapply" "summaryRprof" 
"lapply" "sapply" "summaryRprof" 
"readLines" "summaryRprof" 
"readLines" "summaryRprof" 
"readLines" "summaryRprof" 
"readLines" "summaryRprof" 
"strsplit" "summaryRprof" 
"strsplit" "summaryRprof" 
"lapply" "sapply" "summaryRprof" 
"is.factor" "unique.default" "FUN" "lapply" "summaryRprof" 
"FUN" "lapply" "summaryRprof" 
"FUN" "lapply" "summaryRprof" 
"FUN" "lapply" "summaryRprof" 
"FUN" "lapply" "summaryRprof" 
"is.factor" "unique.default" "FUN" "lapply" "summaryRprof" 
"FUN" "lapply" "summaryRprof" 
"FUN" "lapply" "summaryRprof" 
"FUN" "lapply" "summaryRprof" 
"FUN" "lapply" "summaryRprof" 
"FUN" "lapply" "summaryRprof" 
"FUN" "lapply" "summaryRprof" 
"FUN" "lapply" "summaryRprof" 
"FUN" "lapply" "summaryRprof" 
"length" "length" "table" "summaryRprof" 
"readLines" "summaryRprof" 
"readLines" "summaryRprof" 
"readLines" "summaryRprof" 
"strsplit" "summaryRprof" 
"strsplit" "summaryRprof" 
"strsplit" "summaryRprof" 
"FUN" "lapply" "summaryRprof" 
"FUN" "lapply" "summaryRprof" 
"FUN" "lapply" "summaryRprof" 
"FUN" "lapply" "summaryRprof" 
"FUN" "lapply" "summaryRprof" 
"FUN" "lapply" "summaryRprof" 
"FUN" "lapply" "summaryRprof" 
"FUN" "lapply" "summaryRprof" 
"unique.default" "FUN" "lapply" "summaryRprof" 
"FUN" "lapply" "summaryRprof" 
"FUN" "lapply" "summaryRprof" 
"FUN" "lapply" "summaryRprof" 
"FUN" "lapply" "summaryRprof" 
"FUN" "lapply" "summaryRprof" 
"lapply" "unlist" "unique" "simplify2array" "sapply" "summaryRprof" 
"readLines" "summaryRprof" 
"readLines" "summaryRprof" 
"readLines" "summaryRprof" 
"strsplit" "summaryRprof" 
"strsplit" "summaryRprof" 
"strsplit" "summaryRprof" 
"FUN" "lapply" "summaryRprof" 
"FUN" "lapply" "summaryRprof" 
"FUN" "lapply" "summaryRprof" 
"FUN" "lapply" "summaryRprof" 
"unique.default" "FUN" "lapply" "summaryRprof" 
"FUN" "lapply" "summaryRprof" 
"unique.default" "FUN" "lapply" "summaryRprof" 
"FUN" "lapply" "summaryRprof" 
"FUN" "lapply" "summaryRprof" 
"FUN" "lapply" "summaryRprof" 
"unique.default" "FUN" "lapply" "summaryRprof" 
"FUN" "lapply" "summaryRprof" 
"FUN" "lapply" "summaryRprof" 
"FUN" "lapply" "summaryRprof" 
"FUN" "lapply" "summaryRprof" 
"levels" "table" "summaryRprof" 
"readLines" "summaryRprof" 
"strsplit" "summaryRprof" 
"lapply" "summaryRprof" 
"FUN" "lapply" "summaryRprof" 
"FUN" "lapply" "summaryRprof" 
"FUN" "lapply" "summaryRprof" 
"FUN" "lapply" "summaryRprof" 
"FUN" "lapply" "summaryRprof" 
"unique" "factor" "table" "summaryRprof" 
"print.default" "print" "print.data.frame" "print" 
"unique" "simplify2array" "sapply" "prettyNum" "format.default" "format" "format.fun" "paste" "formObj" "cat" "str.default" "str" "<Anonymous>" "do.call" "strSub" "str.default" "str" "<Anonymous>" "do.call" "strSub" "str.default" "str" "doTryCatch" "tryCatchOne" "tryCatchList" "tryCatch" "try" "eval" "eval" "withVisible" "evalVis" "capture.output" ".rs.valueFromStr" "doTryCatch" "tryCatchOne" "tryCatchList" "tryCatch" ".rs.valueContents" "<Anonymous>" 
"paste" "paste0" "str.default" "str" "<Anonymous>" "do.call" "strSub" "str.default" "str" "doTryCatch" "tryCatchOne" "tryCatchList" "tryCatch" "try" "eval" "eval" "withVisible" "evalVis" "capture.output" ".rs.valueFromStr" "doTryCatch" "tryCatchOne" "tryCatchList" "tryCatch" ".rs.valueContents" "<Anonymous>" 
"readLines" "source" "source.with.encoding" 
"source" "source.with.encoding" 
